<?xml version="1.0" encoding="UTF-8" ?>
<testsuites>
  <testsuite errors="0" failures="0" hostname="gferrell" id="0" name="AddressControllerSpec" package="com.gferrell.gt1" tests="1" time="2.381" timestamp="2015-03-06T15:54:56">
      <properties />

      <testcase classname="com.gferrell.gt1.AddressControllerSpec" name="test something" time="2.327" />

      <system-out><![CDATA[--Output from test something--
first given
first when
first then
]]></system-out>

      <system-err><![CDATA[--Output from test something--
]]></system-err>

  </testsuite>
  <testsuite errors="0" failures="0" hostname="gferrell" id="1" name="AddressSpec" package="com.gferrell.gt1" tests="1" time="0.633" timestamp="2015-03-06T15:54:59">
      <properties />

      <testcase classname="com.gferrell.gt1.AddressSpec" name="test something" time="0.581" />

      <system-out><![CDATA[--Output from test something--
first given
first when
first then
]]></system-out>

      <system-err><![CDATA[--Output from test something--
]]></system-err>

  </testsuite>
  <testsuite errors="0" failures="0" hostname="gferrell" id="2" name="FacilityControllerSpec" package="com.gferrell.gt1" tests="1" time="0.193" timestamp="2015-03-06T15:54:59">
      <properties />

      <testcase classname="com.gferrell.gt1.FacilityControllerSpec" name="test something" time="0.182" />

      <system-out><![CDATA[--Output from test something--
first given
first when
first then
]]></system-out>

      <system-err><![CDATA[--Output from test something--
]]></system-err>

  </testsuite>
  <testsuite errors="0" failures="0" hostname="gferrell" id="3" name="FacilityServiceSpec" package="com.gferrell.gt1" tests="1" time="0.106" timestamp="2015-03-06T15:54:59">
      <properties />

      <testcase classname="com.gferrell.gt1.FacilityServiceSpec" name="test something" time="0.099" />

      <system-out><![CDATA[--Output from test something--
first given
first when
first then
]]></system-out>

      <system-err><![CDATA[--Output from test something--
]]></system-err>

  </testsuite>
  <testsuite errors="0" failures="0" hostname="gferrell" id="4" name="FacilitySpec" package="com.gferrell.gt1" tests="1" time="0.213" timestamp="2015-03-06T15:54:59">
      <properties />

      <testcase classname="com.gferrell.gt1.FacilitySpec" name="test something" time="0.198" />

      <system-out><![CDATA[--Output from test something--
first given
first when
first then
]]></system-out>

      <system-err><![CDATA[--Output from test something--
]]></system-err>

  </testsuite>
  <testsuite errors="0" failures="0" hostname="gferrell" id="5" name="FacilityTypeControllerSpec" package="com.gferrell.gt1" tests="1" time="0.224" timestamp="2015-03-06T15:55:00">
      <properties />

      <testcase classname="com.gferrell.gt1.FacilityTypeControllerSpec" name="test something" time="0.211" />

      <system-out><![CDATA[--Output from test something--
first given
first when
first then
]]></system-out>

      <system-err><![CDATA[--Output from test something--
]]></system-err>

  </testsuite>
  <testsuite errors="0" failures="0" hostname="gferrell" id="6" name="FacilityTypeSpec" package="com.gferrell.gt1" tests="1" time="0.125" timestamp="2015-03-06T15:55:00">
      <properties />

      <testcase classname="com.gferrell.gt1.FacilityTypeSpec" name="test something" time="0.111" />

      <system-out><![CDATA[--Output from test something--
first given
first when
first then
]]></system-out>

      <system-err><![CDATA[--Output from test something--
]]></system-err>

  </testsuite>
  <testsuite errors="0" failures="0" hostname="gferrell" id="7" name="OrganizationControllerSpec" package="com.gferrell.gt1" tests="1" time="0.247" timestamp="2015-03-06T15:55:00">
      <properties />

      <testcase classname="com.gferrell.gt1.OrganizationControllerSpec" name="test something" time="0.233" />

      <system-out><![CDATA[--Output from test something--
first given
first when
first then
]]></system-out>

      <system-err><![CDATA[--Output from test something--
]]></system-err>

  </testsuite>
  <testsuite errors="0" failures="0" hostname="gferrell" id="8" name="OrganizationSpec" package="com.gferrell.gt1" tests="1" time="0.106" timestamp="2015-03-06T15:55:00">
      <properties />

      <testcase classname="com.gferrell.gt1.OrganizationSpec" name="test something" time="0.098" />

      <system-out><![CDATA[--Output from test something--
first given
first when
first then
]]></system-out>

      <system-err><![CDATA[--Output from test something--
]]></system-err>

  </testsuite>
</testsuites>
